11:56:12 **** 构建 of configuration Debug for project Demo_RemindSound ****
make pre-build main-build 
..\script.bat

F:\Soft_sdk\Mv_BP10X\MVsB1_Base_SDK\examples\Demo_RemindSound\Debug>..\..\..\tools\remind_script\MergeAudio2BinNew.exe
Tue Sep  3 11:56:13 2019
MergeAudio2Bin Tools version v4.0 for MVS SDK SoundRemind
current path: F:\Soft_sdk\Mv_BP10X\MVsB1_Base_SDK\tools\remind_script
dir: 'ALI' not existed!!!

F:\Soft_sdk\Mv_BP10X\MVsB1_Base_SDK\examples\Demo_RemindSound\Debug>copy ..\..\..\tools\remind_script\sound_remind_item.h ..\src\remind_sound_item.h 
系统找不到指定的文件。
make: [makefile:123: pre-build] Error 1 (ignored)
 
正在构建文件： /cygdrive/F/Soft_sdk/Mv_BP10X/MVsB1_Base_SDK/driver/driver_api/src/dac_interface.c
正在调用： Andes C Compiler
nds32le-elf-gcc -I"/cygdrive/F/Soft_sdk/Mv_BP10X/MVsB1_Base_SDK/middleware/audio/inc" -I"/cygdrive/F/Soft_sdk/Mv_BP10X/MVsB1_Base_SDK/driver/driver_api/inc/otg" -I"/cygdrive/F/Soft_sdk/Mv_BP10X/MVsB1_Base_SDK/driver/driver/inc" -I"/cygdrive/F/Soft_sdk/Mv_BP10X/MVsB1_Base_SDK/middleware/fatfs/inc" -I"/cygdrive/F/Soft_sdk/Mv_BP10X/MVsB1_Base_SDK/driver/driver_api/inc" -I"/cygdrive/F/Soft_sdk/Mv_BP10X/MVsB1_Base_SDK/middleware/mv_utils/inc" -Og -mcmodel=medium -g3 -Wall -mcpu=d1088-spu -c -fmessage-length=0 -ldsp -mext-dsp -fsingle-precision-constant -ffunction-sections -fdata-sections -MMD -MP -MF"driver/driver_api/src/dac_interface.d" -MT"driver/driver_api/src/dac_interface.d driver/driver_api/src/dac_interface.o" -o "driver/driver_api/src/dac_interface.o" "/cygdrive/F/Soft_sdk/Mv_BP10X/MVsB1_Base_SDK/driver/driver_api/src/dac_interface.c"
已结束构建： /cygdrive/F/Soft_sdk/Mv_BP10X/MVsB1_Base_SDK/driver/driver_api/src/dac_interface.c
 
正在构建文件： /cygdrive/F/Soft_sdk/Mv_BP10X/MVsB1_Base_SDK/driver/driver_api/src/sd_card.c
正在调用： Andes C Compiler
nds32le-elf-gcc -I"/cygdrive/F/Soft_sdk/Mv_BP10X/MVsB1_Base_SDK/middleware/audio/inc" -I"/cygdrive/F/Soft_sdk/Mv_BP10X/MVsB1_Base_SDK/driver/driver_api/inc/otg" -I"/cygdrive/F/Soft_sdk/Mv_BP10X/MVsB1_Base_SDK/driver/driver/inc" -I"/cygdrive/F/Soft_sdk/Mv_BP10X/MVsB1_Base_SDK/middleware/fatfs/inc" -I"/cygdrive/F/Soft_sdk/Mv_BP10X/MVsB1_Base_SDK/driver/driver_api/inc" -I"/cygdrive/F/Soft_sdk/Mv_BP10X/MVsB1_Base_SDK/middleware/mv_utils/inc" -Og -mcmodel=medium -g3 -Wall -mcpu=d1088-spu -c -fmessage-length=0 -ldsp -mext-dsp -fsingle-precision-constant -ffunction-sections -fdata-sections -MMD -MP -MF"driver/driver_api/src/sd_card.d" -MT"driver/driver_api/src/sd_card.d driver/driver_api/src/sd_card.o" -o "driver/driver_api/src/sd_card.o" "/cygdrive/F/Soft_sdk/Mv_BP10X/MVsB1_Base_SDK/driver/driver_api/src/sd_card.c"
已结束构建： /cygdrive/F/Soft_sdk/Mv_BP10X/MVsB1_Base_SDK/driver/driver_api/src/sd_card.c
 
正在构建文件： /cygdrive/F/Soft_sdk/Mv_BP10X/MVsB1_Base_SDK/driver/driver_api/src/uarts_interface.c
正在调用： Andes C Compiler
nds32le-elf-gcc -I"/cygdrive/F/Soft_sdk/Mv_BP10X/MVsB1_Base_SDK/middleware/audio/inc" -I"/cygdrive/F/Soft_sdk/Mv_BP10X/MVsB1_Base_SDK/driver/driver_api/inc/otg" -I"/cygdrive/F/Soft_sdk/Mv_BP10X/MVsB1_Base_SDK/driver/driver/inc" -I"/cygdrive/F/Soft_sdk/Mv_BP10X/MVsB1_Base_SDK/middleware/fatfs/inc" -I"/cygdrive/F/Soft_sdk/Mv_BP10X/MVsB1_Base_SDK/driver/driver_api/inc" -I"/cygdrive/F/Soft_sdk/Mv_BP10X/MVsB1_Base_SDK/middleware/mv_utils/inc" -Og -mcmodel=medium -g3 -Wall -mcpu=d1088-spu -c -fmessage-length=0 -ldsp -mext-dsp -fsingle-precision-constant -ffunction-sections -fdata-sections -MMD -MP -MF"driver/driver_api/src/uarts_interface.d" -MT"driver/driver_api/src/uarts_interface.d driver/driver_api/src/uarts_interface.o" -o "driver/driver_api/src/uarts_interface.o" "/cygdrive/F/Soft_sdk/Mv_BP10X/MVsB1_Base_SDK/driver/driver_api/src/uarts_interface.c"
已结束构建： /cygdrive/F/Soft_sdk/Mv_BP10X/MVsB1_Base_SDK/driver/driver_api/src/uarts_interface.c
 
正在构建文件： /cygdrive/F/Soft_sdk/Mv_BP10X/MVsB1_Base_SDK/driver/driver_api/src/otg/host/otg_host_standard_enum.c
正在调用： Andes C Compiler
nds32le-elf-gcc -I"/cygdrive/F/Soft_sdk/Mv_BP10X/MVsB1_Base_SDK/middleware/audio/inc" -I"/cygdrive/F/Soft_sdk/Mv_BP10X/MVsB1_Base_SDK/driver/driver_api/inc/otg" -I"/cygdrive/F/Soft_sdk/Mv_BP10X/MVsB1_Base_SDK/driver/driver/inc" -I"/cygdrive/F/Soft_sdk/Mv_BP10X/MVsB1_Base_SDK/middleware/fatfs/inc" -I"/cygdrive/F/Soft_sdk/Mv_BP10X/MVsB1_Base_SDK/driver/driver_api/inc" -I"/cygdrive/F/Soft_sdk/Mv_BP10X/MVsB1_Base_SDK/middleware/mv_utils/inc" -Og -mcmodel=medium -g3 -Wall -mcpu=d1088-spu -c -fmessage-length=0 -ldsp -mext-dsp -fsingle-precision-constant -ffunction-sections -fdata-sections -MMD -MP -MF"driver/driver_api/src/otg/host/otg_host_standard_enum.d" -MT"driver/driver_api/src/otg/host/otg_host_standard_enum.d driver/driver_api/src/otg/host/otg_host_standard_enum.o" -o "driver/driver_api/src/otg/host/otg_host_standard_enum.o" "/cygdrive/F/Soft_sdk/Mv_BP10X/MVsB1_Base_SDK/driver/driver_api/src/otg/host/otg_host_standard_enum.c"
已结束构建： /cygdrive/F/Soft_sdk/Mv_BP10X/MVsB1_Base_SDK/driver/driver_api/src/otg/host/otg_host_standard_enum.c
 
正在构建文件： /cygdrive/F/Soft_sdk/Mv_BP10X/MVsB1_Base_SDK/driver/driver_api/src/otg/host/otg_host_udisk.c
正在调用： Andes C Compiler
nds32le-elf-gcc -I"/cygdrive/F/Soft_sdk/Mv_BP10X/MVsB1_Base_SDK/middleware/audio/inc" -I"/cygdrive/F/Soft_sdk/Mv_BP10X/MVsB1_Base_SDK/driver/driver_api/inc/otg" -I"/cygdrive/F/Soft_sdk/Mv_BP10X/MVsB1_Base_SDK/driver/driver/inc" -I"/cygdrive/F/Soft_sdk/Mv_BP10X/MVsB1_Base_SDK/middleware/fatfs/inc" -I"/cygdrive/F/Soft_sdk/Mv_BP10X/MVsB1_Base_SDK/driver/driver_api/inc" -I"/cygdrive/F/Soft_sdk/Mv_BP10X/MVsB1_Base_SDK/middleware/mv_utils/inc" -Og -mcmodel=medium -g3 -Wall -mcpu=d1088-spu -c -fmessage-length=0 -ldsp -mext-dsp -fsingle-precision-constant -ffunction-sections -fdata-sections -MMD -MP -MF"driver/driver_api/src/otg/host/otg_host_udisk.d" -MT"driver/driver_api/src/otg/host/otg_host_udisk.d driver/driver_api/src/otg/host/otg_host_udisk.o" -o "driver/driver_api/src/otg/host/otg_host_udisk.o" "/cygdrive/F/Soft_sdk/Mv_BP10X/MVsB1_Base_SDK/driver/driver_api/src/otg/host/otg_host_udisk.c"
已结束构建： /cygdrive/F/Soft_sdk/Mv_BP10X/MVsB1_Base_SDK/driver/driver_api/src/otg/host/otg_host_udisk.c
 
正在构建文件： /cygdrive/F/Soft_sdk/Mv_BP10X/MVsB1_Base_SDK/middleware/audio/src/audio_decoder_api.c
正在调用： Andes C Compiler
nds32le-elf-gcc -I"/cygdrive/F/Soft_sdk/Mv_BP10X/MVsB1_Base_SDK/middleware/audio/inc" -I"/cygdrive/F/Soft_sdk/Mv_BP10X/MVsB1_Base_SDK/driver/driver_api/inc/otg" -I"/cygdrive/F/Soft_sdk/Mv_BP10X/MVsB1_Base_SDK/driver/driver/inc" -I"/cygdrive/F/Soft_sdk/Mv_BP10X/MVsB1_Base_SDK/middleware/fatfs/inc" -I"/cygdrive/F/Soft_sdk/Mv_BP10X/MVsB1_Base_SDK/driver/driver_api/inc" -I"/cygdrive/F/Soft_sdk/Mv_BP10X/MVsB1_Base_SDK/middleware/mv_utils/inc" -Og -mcmodel=medium -g3 -Wall -mcpu=d1088-spu -c -fmessage-length=0 -ldsp -mext-dsp -fsingle-precision-constant -ffunction-sections -fdata-sections -MMD -MP -MF"middleware/audio/src/audio_decoder_api.d" -MT"middleware/audio/src/audio_decoder_api.d middleware/audio/src/audio_decoder_api.o" -o "middleware/audio/src/audio_decoder_api.o" "/cygdrive/F/Soft_sdk/Mv_BP10X/MVsB1_Base_SDK/middleware/audio/src/audio_decoder_api.c"
/cygdrive/F/Soft_sdk/Mv_BP10X/MVsB1_Base_SDK/middleware/audio/src/audio_decoder_api.c: In function 'audio_decoder_initialize':
/cygdrive/F/Soft_sdk/Mv_BP10X/MVsB1_Base_SDK/middleware/audio/src/audio_decoder_api.c:241:5: warning: implicit declaration of function 'buffer_context_init' [-Wimplicit-function-declaration]
     buffer_context_init(audio_decoder->bc, io_handle, io_type, audio_decoder->inbuf, buffer_capacity, BUFFER_FOR_INPUT);
     ^
已结束构建： /cygdrive/F/Soft_sdk/Mv_BP10X/MVsB1_Base_SDK/middleware/audio/src/audio_decoder_api.c
 
正在构建文件： /cygdrive/F/Soft_sdk/Mv_BP10X/MVsB1_Base_SDK/middleware/audio/src/mvstdio.c
正在调用： Andes C Compiler
nds32le-elf-gcc -I"/cygdrive/F/Soft_sdk/Mv_BP10X/MVsB1_Base_SDK/middleware/audio/inc" -I"/cygdrive/F/Soft_sdk/Mv_BP10X/MVsB1_Base_SDK/driver/driver_api/inc/otg" -I"/cygdrive/F/Soft_sdk/Mv_BP10X/MVsB1_Base_SDK/driver/driver/inc" -I"/cygdrive/F/Soft_sdk/Mv_BP10X/MVsB1_Base_SDK/middleware/fatfs/inc" -I"/cygdrive/F/Soft_sdk/Mv_BP10X/MVsB1_Base_SDK/driver/driver_api/inc" -I"/cygdrive/F/Soft_sdk/Mv_BP10X/MVsB1_Base_SDK/middleware/mv_utils/inc" -Og -mcmodel=medium -g3 -Wall -mcpu=d1088-spu -c -fmessage-length=0 -ldsp -mext-dsp -fsingle-precision-constant -ffunction-sections -fdata-sections -MMD -MP -MF"middleware/audio/src/mvstdio.d" -MT"middleware/audio/src/mvstdio.d middleware/audio/src/mvstdio.o" -o "middleware/audio/src/mvstdio.o" "/cygdrive/F/Soft_sdk/Mv_BP10X/MVsB1_Base_SDK/middleware/audio/src/mvstdio.c"
已结束构建： /cygdrive/F/Soft_sdk/Mv_BP10X/MVsB1_Base_SDK/middleware/audio/src/mvstdio.c
 
正在构建文件： /cygdrive/F/Soft_sdk/Mv_BP10X/MVsB1_Base_SDK/middleware/fatfs/src/diskio.c
正在调用： Andes C Compiler
nds32le-elf-gcc -I"/cygdrive/F/Soft_sdk/Mv_BP10X/MVsB1_Base_SDK/middleware/audio/inc" -I"/cygdrive/F/Soft_sdk/Mv_BP10X/MVsB1_Base_SDK/driver/driver_api/inc/otg" -I"/cygdrive/F/Soft_sdk/Mv_BP10X/MVsB1_Base_SDK/driver/driver/inc" -I"/cygdrive/F/Soft_sdk/Mv_BP10X/MVsB1_Base_SDK/middleware/fatfs/inc" -I"/cygdrive/F/Soft_sdk/Mv_BP10X/MVsB1_Base_SDK/driver/driver_api/inc" -I"/cygdrive/F/Soft_sdk/Mv_BP10X/MVsB1_Base_SDK/middleware/mv_utils/inc" -Og -mcmodel=medium -g3 -Wall -mcpu=d1088-spu -c -fmessage-length=0 -ldsp -mext-dsp -fsingle-precision-constant -ffunction-sections -fdata-sections -MMD -MP -MF"middleware/fatfs/src/diskio.d" -MT"middleware/fatfs/src/diskio.d middleware/fatfs/src/diskio.o" -o "middleware/fatfs/src/diskio.o" "/cygdrive/F/Soft_sdk/Mv_BP10X/MVsB1_Base_SDK/middleware/fatfs/src/diskio.c"
/cygdrive/F/Soft_sdk/Mv_BP10X/MVsB1_Base_SDK/middleware/fatfs/src/diskio.c: In function 'disk_write':
/cygdrive/F/Soft_sdk/Mv_BP10X/MVsB1_Base_SDK/middleware/fatfs/src/diskio.c:153:33: warning: passing argument 2 of 'SDCard_WriteBlock' discards 'const' qualifier from pointer target type
   if(!SDCard_WriteBlock(sector, buff, count))
                                 ^
In file included from /cygdrive/F/Soft_sdk/Mv_BP10X/MVsB1_Base_SDK/middleware/fatfs/src/diskio.c:13:0:
/cygdrive/F/Soft_sdk/Mv_BP10X/MVsB1_Base_SDK/driver/driver_api/inc/sd_card.h:145:18: note: expected 'uint8_t *' but argument is of type 'const BYTE *'
 SD_CARD_ERR_CODE SDCard_WriteBlock(uint32_t Block, uint8_t* Buffer,uint8_t Size);
                  ^
已结束构建： /cygdrive/F/Soft_sdk/Mv_BP10X/MVsB1_Base_SDK/middleware/fatfs/src/diskio.c
 
正在构建文件： /cygdrive/F/Soft_sdk/Mv_BP10X/MVsB1_Base_SDK/middleware/fatfs/src/ff.c
正在调用： Andes C Compiler
nds32le-elf-gcc -I"/cygdrive/F/Soft_sdk/Mv_BP10X/MVsB1_Base_SDK/middleware/audio/inc" -I"/cygdrive/F/Soft_sdk/Mv_BP10X/MVsB1_Base_SDK/driver/driver_api/inc/otg" -I"/cygdrive/F/Soft_sdk/Mv_BP10X/MVsB1_Base_SDK/driver/driver/inc" -I"/cygdrive/F/Soft_sdk/Mv_BP10X/MVsB1_Base_SDK/middleware/fatfs/inc" -I"/cygdrive/F/Soft_sdk/Mv_BP10X/MVsB1_Base_SDK/driver/driver_api/inc" -I"/cygdrive/F/Soft_sdk/Mv_BP10X/MVsB1_Base_SDK/middleware/mv_utils/inc" -Og -mcmodel=medium -g3 -Wall -mcpu=d1088-spu -c -fmessage-length=0 -ldsp -mext-dsp -fsingle-precision-constant -ffunction-sections -fdata-sections -MMD -MP -MF"middleware/fatfs/src/ff.d" -MT"middleware/fatfs/src/ff.d middleware/fatfs/src/ff.o" -o "middleware/fatfs/src/ff.o" "/cygdrive/F/Soft_sdk/Mv_BP10X/MVsB1_Base_SDK/middleware/fatfs/src/ff.c"
已结束构建： /cygdrive/F/Soft_sdk/Mv_BP10X/MVsB1_Base_SDK/middleware/fatfs/src/ff.c
 
正在构建文件： /cygdrive/F/Soft_sdk/Mv_BP10X/MVsB1_Base_SDK/middleware/fatfs/src/ffpresearch.c
正在调用： Andes C Compiler
nds32le-elf-gcc -I"/cygdrive/F/Soft_sdk/Mv_BP10X/MVsB1_Base_SDK/middleware/audio/inc" -I"/cygdrive/F/Soft_sdk/Mv_BP10X/MVsB1_Base_SDK/driver/driver_api/inc/otg" -I"/cygdrive/F/Soft_sdk/Mv_BP10X/MVsB1_Base_SDK/driver/driver/inc" -I"/cygdrive/F/Soft_sdk/Mv_BP10X/MVsB1_Base_SDK/middleware/fatfs/inc" -I"/cygdrive/F/Soft_sdk/Mv_BP10X/MVsB1_Base_SDK/driver/driver_api/inc" -I"/cygdrive/F/Soft_sdk/Mv_BP10X/MVsB1_Base_SDK/middleware/mv_utils/inc" -Og -mcmodel=medium -g3 -Wall -mcpu=d1088-spu -c -fmessage-length=0 -ldsp -mext-dsp -fsingle-precision-constant -ffunction-sections -fdata-sections -MMD -MP -MF"middleware/fatfs/src/ffpresearch.d" -MT"middleware/fatfs/src/ffpresearch.d middleware/fatfs/src/ffpresearch.o" -o "middleware/fatfs/src/ffpresearch.o" "/cygdrive/F/Soft_sdk/Mv_BP10X/MVsB1_Base_SDK/middleware/fatfs/src/ffpresearch.c"
已结束构建： /cygdrive/F/Soft_sdk/Mv_BP10X/MVsB1_Base_SDK/middleware/fatfs/src/ffpresearch.c
 
正在构建文件： /cygdrive/F/Soft_sdk/Mv_BP10X/MVsB1_Base_SDK/middleware/fatfs/src/ffsystem.c
正在调用： Andes C Compiler
nds32le-elf-gcc -I"/cygdrive/F/Soft_sdk/Mv_BP10X/MVsB1_Base_SDK/middleware/audio/inc" -I"/cygdrive/F/Soft_sdk/Mv_BP10X/MVsB1_Base_SDK/driver/driver_api/inc/otg" -I"/cygdrive/F/Soft_sdk/Mv_BP10X/MVsB1_Base_SDK/driver/driver/inc" -I"/cygdrive/F/Soft_sdk/Mv_BP10X/MVsB1_Base_SDK/middleware/fatfs/inc" -I"/cygdrive/F/Soft_sdk/Mv_BP10X/MVsB1_Base_SDK/driver/driver_api/inc" -I"/cygdrive/F/Soft_sdk/Mv_BP10X/MVsB1_Base_SDK/middleware/mv_utils/inc" -Og -mcmodel=medium -g3 -Wall -mcpu=d1088-spu -c -fmessage-length=0 -ldsp -mext-dsp -fsingle-precision-constant -ffunction-sections -fdata-sections -MMD -MP -MF"middleware/fatfs/src/ffsystem.d" -MT"middleware/fatfs/src/ffsystem.d middleware/fatfs/src/ffsystem.o" -o "middleware/fatfs/src/ffsystem.o" "/cygdrive/F/Soft_sdk/Mv_BP10X/MVsB1_Base_SDK/middleware/fatfs/src/ffsystem.c"
已结束构建： /cygdrive/F/Soft_sdk/Mv_BP10X/MVsB1_Base_SDK/middleware/fatfs/src/ffsystem.c
 
正在构建文件： /cygdrive/F/Soft_sdk/Mv_BP10X/MVsB1_Base_SDK/middleware/fatfs/src/ffunicode.c
正在调用： Andes C Compiler
nds32le-elf-gcc -I"/cygdrive/F/Soft_sdk/Mv_BP10X/MVsB1_Base_SDK/middleware/audio/inc" -I"/cygdrive/F/Soft_sdk/Mv_BP10X/MVsB1_Base_SDK/driver/driver_api/inc/otg" -I"/cygdrive/F/Soft_sdk/Mv_BP10X/MVsB1_Base_SDK/driver/driver/inc" -I"/cygdrive/F/Soft_sdk/Mv_BP10X/MVsB1_Base_SDK/middleware/fatfs/inc" -I"/cygdrive/F/Soft_sdk/Mv_BP10X/MVsB1_Base_SDK/driver/driver_api/inc" -I"/cygdrive/F/Soft_sdk/Mv_BP10X/MVsB1_Base_SDK/middleware/mv_utils/inc" -Og -mcmodel=medium -g3 -Wall -mcpu=d1088-spu -c -fmessage-length=0 -ldsp -mext-dsp -fsingle-precision-constant -ffunction-sections -fdata-sections -MMD -MP -MF"middleware/fatfs/src/ffunicode.d" -MT"middleware/fatfs/src/ffunicode.d middleware/fatfs/src/ffunicode.o" -o "middleware/fatfs/src/ffunicode.o" "/cygdrive/F/Soft_sdk/Mv_BP10X/MVsB1_Base_SDK/middleware/fatfs/src/ffunicode.c"
已结束构建： /cygdrive/F/Soft_sdk/Mv_BP10X/MVsB1_Base_SDK/middleware/fatfs/src/ffunicode.c
 
正在构建文件： ../src/demo_RemindSound.c
正在调用： Andes C Compiler
nds32le-elf-gcc -I"/cygdrive/F/Soft_sdk/Mv_BP10X/MVsB1_Base_SDK/middleware/audio/inc" -I"/cygdrive/F/Soft_sdk/Mv_BP10X/MVsB1_Base_SDK/driver/driver_api/inc/otg" -I"/cygdrive/F/Soft_sdk/Mv_BP10X/MVsB1_Base_SDK/driver/driver/inc" -I"/cygdrive/F/Soft_sdk/Mv_BP10X/MVsB1_Base_SDK/middleware/fatfs/inc" -I"/cygdrive/F/Soft_sdk/Mv_BP10X/MVsB1_Base_SDK/driver/driver_api/inc" -I"/cygdrive/F/Soft_sdk/Mv_BP10X/MVsB1_Base_SDK/middleware/mv_utils/inc" -Og -mcmodel=medium -g3 -Wall -mcpu=d1088-spu -c -fmessage-length=0 -ldsp -mext-dsp -fsingle-precision-constant -ffunction-sections -fdata-sections -MMD -MP -MF"src/demo_RemindSound.d" -MT"src/demo_RemindSound.d src/demo_RemindSound.o" -o "src/demo_RemindSound.o" "../src/demo_RemindSound.c"
已结束构建： ../src/demo_RemindSound.c
 
正在构建文件： /cygdrive/F/Soft_sdk/Mv_BP10X/MVsB1_Base_SDK/startup/crt0.S
正在调用： Andes C Compiler
nds32le-elf-gcc -I"/cygdrive/F/Soft_sdk/Mv_BP10X/MVsB1_Base_SDK/middleware/audio/inc" -I"/cygdrive/F/Soft_sdk/Mv_BP10X/MVsB1_Base_SDK/driver/driver_api/inc/otg" -I"/cygdrive/F/Soft_sdk/Mv_BP10X/MVsB1_Base_SDK/driver/driver/inc" -I"/cygdrive/F/Soft_sdk/Mv_BP10X/MVsB1_Base_SDK/middleware/fatfs/inc" -I"/cygdrive/F/Soft_sdk/Mv_BP10X/MVsB1_Base_SDK/driver/driver_api/inc" -I"/cygdrive/F/Soft_sdk/Mv_BP10X/MVsB1_Base_SDK/middleware/mv_utils/inc" -Og -mcmodel=medium -g3 -Wall -mcpu=d1088-spu -c -fmessage-length=0 -ldsp -mext-dsp -fsingle-precision-constant -ffunction-sections -fdata-sections -MMD -MP -MF"startup/crt0.d" -MT"startup/crt0.d startup/crt0.o" -o "startup/crt0.o" "/cygdrive/F/Soft_sdk/Mv_BP10X/MVsB1_Base_SDK/startup/crt0.S"
已结束构建： /cygdrive/F/Soft_sdk/Mv_BP10X/MVsB1_Base_SDK/startup/crt0.S
 
正在构建文件： /cygdrive/F/Soft_sdk/Mv_BP10X/MVsB1_Base_SDK/startup/init-default.c
正在调用： Andes C Compiler
nds32le-elf-gcc -I"/cygdrive/F/Soft_sdk/Mv_BP10X/MVsB1_Base_SDK/middleware/audio/inc" -I"/cygdrive/F/Soft_sdk/Mv_BP10X/MVsB1_Base_SDK/driver/driver_api/inc/otg" -I"/cygdrive/F/Soft_sdk/Mv_BP10X/MVsB1_Base_SDK/driver/driver/inc" -I"/cygdrive/F/Soft_sdk/Mv_BP10X/MVsB1_Base_SDK/middleware/fatfs/inc" -I"/cygdrive/F/Soft_sdk/Mv_BP10X/MVsB1_Base_SDK/driver/driver_api/inc" -I"/cygdrive/F/Soft_sdk/Mv_BP10X/MVsB1_Base_SDK/middleware/mv_utils/inc" -Og -mcmodel=medium -g3 -Wall -mcpu=d1088-spu -c -fmessage-length=0 -ldsp -mext-dsp -fsingle-precision-constant -ffunction-sections -fdata-sections -MMD -MP -MF"startup/init-default.d" -MT"startup/init-default.d startup/init-default.o" -o "startup/init-default.o" "/cygdrive/F/Soft_sdk/Mv_BP10X/MVsB1_Base_SDK/startup/init-default.c"
已结束构建： /cygdrive/F/Soft_sdk/Mv_BP10X/MVsB1_Base_SDK/startup/init-default.c
 
正在构建文件： /cygdrive/F/Soft_sdk/Mv_BP10X/MVsB1_Base_SDK/startup/interrupt.c
正在调用： Andes C Compiler
nds32le-elf-gcc -I"/cygdrive/F/Soft_sdk/Mv_BP10X/MVsB1_Base_SDK/middleware/audio/inc" -I"/cygdrive/F/Soft_sdk/Mv_BP10X/MVsB1_Base_SDK/driver/driver_api/inc/otg" -I"/cygdrive/F/Soft_sdk/Mv_BP10X/MVsB1_Base_SDK/driver/driver/inc" -I"/cygdrive/F/Soft_sdk/Mv_BP10X/MVsB1_Base_SDK/middleware/fatfs/inc" -I"/cygdrive/F/Soft_sdk/Mv_BP10X/MVsB1_Base_SDK/driver/driver_api/inc" -I"/cygdrive/F/Soft_sdk/Mv_BP10X/MVsB1_Base_SDK/middleware/mv_utils/inc" -Og -mcmodel=medium -g3 -Wall -mcpu=d1088-spu -c -fmessage-length=0 -ldsp -mext-dsp -fsingle-precision-constant -ffunction-sections -fdata-sections -MMD -MP -MF"startup/interrupt.d" -MT"startup/interrupt.d startup/interrupt.o" -o "startup/interrupt.o" "/cygdrive/F/Soft_sdk/Mv_BP10X/MVsB1_Base_SDK/startup/interrupt.c"
已结束构建： /cygdrive/F/Soft_sdk/Mv_BP10X/MVsB1_Base_SDK/startup/interrupt.c
 
正在构建文件： /cygdrive/F/Soft_sdk/Mv_BP10X/MVsB1_Base_SDK/startup/retarget.c
正在调用： Andes C Compiler
nds32le-elf-gcc -I"/cygdrive/F/Soft_sdk/Mv_BP10X/MVsB1_Base_SDK/middleware/audio/inc" -I"/cygdrive/F/Soft_sdk/Mv_BP10X/MVsB1_Base_SDK/driver/driver_api/inc/otg" -I"/cygdrive/F/Soft_sdk/Mv_BP10X/MVsB1_Base_SDK/driver/driver/inc" -I"/cygdrive/F/Soft_sdk/Mv_BP10X/MVsB1_Base_SDK/middleware/fatfs/inc" -I"/cygdrive/F/Soft_sdk/Mv_BP10X/MVsB1_Base_SDK/driver/driver_api/inc" -I"/cygdrive/F/Soft_sdk/Mv_BP10X/MVsB1_Base_SDK/middleware/mv_utils/inc" -Og -mcmodel=medium -g3 -Wall -mcpu=d1088-spu -c -fmessage-length=0 -ldsp -mext-dsp -fsingle-precision-constant -ffunction-sections -fdata-sections -MMD -MP -MF"startup/retarget.d" -MT"startup/retarget.d startup/retarget.o" -o "startup/retarget.o" "/cygdrive/F/Soft_sdk/Mv_BP10X/MVsB1_Base_SDK/startup/retarget.c"
已结束构建： /cygdrive/F/Soft_sdk/Mv_BP10X/MVsB1_Base_SDK/startup/retarget.c
 
正在构建目标： Demo_RemindSound.adx
正在调用： Andes C Linker
nds32le-elf-gcc -Og -nostartfiles -static -L"/cygdrive/F/Soft_sdk/Mv_BP10X/MVsB1_Base_SDK/middleware/audio" -L"/cygdrive/F/Soft_sdk/Mv_BP10X/MVsB1_Base_SDK/driver/driver" -mcmodel=medium -ldsp -mext-dsp -T"../nds32-ae210p.ld" -Wl,--gc-sections -mvh -o "Demo_RemindSound.adx"  ./driver/driver_api/src/dac_interface.o ./driver/driver_api/src/sd_card.o ./driver/driver_api/src/uarts_interface.o  ./driver/driver_api/src/otg/host/otg_host_standard_enum.o ./driver/driver_api/src/otg/host/otg_host_udisk.o  ./middleware/audio/src/audio_decoder_api.o ./middleware/audio/src/mvstdio.o  ./middleware/fatfs/src/diskio.o ./middleware/fatfs/src/ff.o ./middleware/fatfs/src/ffpresearch.o ./middleware/fatfs/src/ffsystem.o ./middleware/fatfs/src/ffunicode.o  ./src/demo_RemindSound.o  ./startup/crt0.o ./startup/init-default.o ./startup/interrupt.o ./startup/retarget.o   -lDriver -lAudioDecoderLibrary -lm
已结束构建目标： Demo_RemindSound.adx
 
正在调用： NM (symbol listing)
nds32le-elf-nm -n -l -C "Demo_RemindSound.adx" > output/symbol.txt
已结束构建： output/symbol.txt
 
正在调用： Readelf (ELF info listing)
nds32le-elf-readelf -a "Demo_RemindSound.adx" > output/readelf.txt
已结束构建： output/readelf.txt
 
正在调用： Objcopy (object content copy)
nds32le-elf-objcopy -S -O binary "Demo_RemindSound.adx" output/Demo_RemindSound.bin
已结束构建： output/Demo_RemindSound.bin
 
正在调用： Size (section size listing)
nds32le-elf-size  "Demo_RemindSound.adx" | tee output/.PHONY.size
   text (code + rodata)	   data	    bss	    dec	    hex	filename
 187446 (149858 +  37588)	   1056	  37568	 226070	  37316	Demo_RemindSound.adx
已结束构建： output/.PHONY.size
 

11:56:39 Build Finished (took 27s.252ms)

